[INFO |2022-05-16 15:45:34.226|] (org.springframework.context.annotation.AnnotationConfigApplicationContext) {Refreshing org.springframework.context.annotation.AnnotationConfigApplicationContext@51dcb805: startup date [Mon May 16 15:45:34 IST 2022]; root of context hierarchy}
[INFO |2022-05-16 15:45:34.975|] (org.hibernate.validator.internal.util.Version) {HV000001: Hibernate Validator 5.3.5.Final}
[INFO |2022-05-16 15:45:35.527|] (org.springframework.beans.factory.annotation.AutowiredAnnotationBeanPostProcessor) {JSR-330 'javax.inject.Inject' annotation found and supported for autowiring}
[INFO |2022-05-16 15:45:35.683|] (org.springframework.context.support.PostProcessorRegistrationDelegate$BeanPostProcessorChecker) {Bean 'configurationPropertiesRebinderAutoConfiguration' of type [org.springframework.cloud.autoconfigure.ConfigurationPropertiesRebinderAutoConfiguration$$EnhancerBySpringCGLIB$$a84cc90f] is not eligible for getting processed by all BeanPostProcessors (for example: not eligible for auto-proxying)}
[INFO |2022-05-16 15:45:36.625|] (com.redhat.hackathon.registration.RegistrationApplication) {No active profile set, falling back to default profiles: default}
[INFO |2022-05-16 15:45:36.651|] (org.springframework.boot.context.embedded.AnnotationConfigEmbeddedWebApplicationContext) {Refreshing org.springframework.boot.context.embedded.AnnotationConfigEmbeddedWebApplicationContext@4b3a45f1: startup date [Mon May 16 15:45:36 IST 2022]; parent: org.springframework.context.annotation.AnnotationConfigApplicationContext@51dcb805}
[INFO |2022-05-16 15:45:39.743|] (org.springframework.cloud.context.scope.GenericScope) {BeanFactory id=0ce61c7e-06b0-3602-b2a8-c136aa893ad8}
[INFO |2022-05-16 15:45:39.857|] (org.springframework.beans.factory.annotation.AutowiredAnnotationBeanPostProcessor) {JSR-330 'javax.inject.Inject' annotation found and supported for autowiring}
[INFO |2022-05-16 15:45:40.222|] (org.springframework.context.support.PostProcessorRegistrationDelegate$BeanPostProcessorChecker) {Bean 'org.springframework.transaction.annotation.ProxyTransactionManagementConfiguration' of type [org.springframework.transaction.annotation.ProxyTransactionManagementConfiguration$$EnhancerBySpringCGLIB$$8c32c612] is not eligible for getting processed by all BeanPostProcessors (for example: not eligible for auto-proxying)}
[INFO |2022-05-16 15:45:40.518|] (org.springframework.context.support.PostProcessorRegistrationDelegate$BeanPostProcessorChecker) {Bean 'org.springframework.cloud.netflix.metrics.MetricsInterceptorConfiguration$MetricsRestTemplateConfiguration' of type [org.springframework.cloud.netflix.metrics.MetricsInterceptorConfiguration$MetricsRestTemplateConfiguration$$EnhancerBySpringCGLIB$$be5f6c53] is not eligible for getting processed by all BeanPostProcessors (for example: not eligible for auto-proxying)}
[INFO |2022-05-16 15:45:40.531|] (org.springframework.context.support.PostProcessorRegistrationDelegate$BeanPostProcessorChecker) {Bean 'org.springframework.cloud.autoconfigure.ConfigurationPropertiesRebinderAutoConfiguration' of type [org.springframework.cloud.autoconfigure.ConfigurationPropertiesRebinderAutoConfiguration$$EnhancerBySpringCGLIB$$a84cc90f] is not eligible for getting processed by all BeanPostProcessors (for example: not eligible for auto-proxying)}
[INFO |2022-05-16 15:45:41.679|] (org.springframework.boot.context.embedded.tomcat.TomcatEmbeddedServletContainer) {Tomcat initialized with port(s): 8001 (http)}
[INFO |2022-05-16 15:45:41.775|] (org.apache.catalina.core.StandardService) {Starting service [Tomcat]}
[INFO |2022-05-16 15:45:41.791|] (org.apache.catalina.core.StandardEngine) {Starting Servlet Engine: Apache Tomcat/8.5.23}
[INFO |2022-05-16 15:45:41.983|] (org.apache.catalina.core.ContainerBase.[Tomcat].[localhost].[/]) {Initializing Spring embedded WebApplicationContext}
[INFO |2022-05-16 15:45:41.989|] (org.springframework.web.context.ContextLoader) {Root WebApplicationContext: initialization completed in 5339 ms}
[INFO |2022-05-16 15:45:42.691|] (org.springframework.boot.web.servlet.ServletRegistrationBean) {Mapping servlet: 'dispatcherServlet' to [/]}
[INFO |2022-05-16 15:45:42.703|] (org.springframework.boot.web.servlet.ServletRegistrationBean) {Mapping servlet: 'webServlet' to [/h2-console/*]}
[INFO |2022-05-16 15:45:42.720|] (org.springframework.boot.web.servlet.FilterRegistrationBean) {Mapping filter: 'metricsFilter' to: [/*]}
[INFO |2022-05-16 15:45:42.722|] (org.springframework.boot.web.servlet.FilterRegistrationBean) {Mapping filter: 'characterEncodingFilter' to: [/*]}
[INFO |2022-05-16 15:45:42.724|] (org.springframework.boot.web.servlet.FilterRegistrationBean) {Mapping filter: 'hiddenHttpMethodFilter' to: [/*]}
[INFO |2022-05-16 15:45:42.725|] (org.springframework.boot.web.servlet.FilterRegistrationBean) {Mapping filter: 'httpPutFormContentFilter' to: [/*]}
[INFO |2022-05-16 15:45:42.737|] (org.springframework.boot.web.servlet.FilterRegistrationBean) {Mapping filter: 'requestContextFilter' to: [/*]}
[INFO |2022-05-16 15:45:42.754|] (org.springframework.boot.web.servlet.FilterRegistrationBean) {Mapping filter: 'webRequestLoggingFilter' to: [/*]}
[INFO |2022-05-16 15:45:42.843|] (org.springframework.boot.web.servlet.FilterRegistrationBean) {Mapping filter: 'applicationContextIdFilter' to: [/*]}
[INFO |2022-05-16 15:45:43.913|] (org.springframework.orm.jpa.LocalContainerEntityManagerFactoryBean) {Building JPA container EntityManagerFactory for persistence unit 'default'}
[INFO |2022-05-16 15:45:44.002|] (org.hibernate.jpa.internal.util.LogHelper) {HHH000204: Processing PersistenceUnitInfo [
	name: default
	...]}
[INFO |2022-05-16 15:45:44.276|] (org.hibernate.Version) {HHH000412: Hibernate Core {5.0.12.Final}}
[INFO |2022-05-16 15:45:44.280|] (org.hibernate.cfg.Environment) {HHH000206: hibernate.properties not found}
[INFO |2022-05-16 15:45:44.288|] (org.hibernate.cfg.Environment) {HHH000021: Bytecode provider name : javassist}
[INFO |2022-05-16 15:45:44.536|] (org.hibernate.annotations.common.Version) {HCANN000001: Hibernate Commons Annotations {5.0.1.Final}}
[INFO |2022-05-16 15:45:44.793|] (org.hibernate.dialect.Dialect) {HHH000400: Using dialect: org.hibernate.dialect.PostgreSQLDialect}
[INFO |2022-05-16 15:45:45.116|] (org.hibernate.engine.jdbc.env.internal.LobCreatorBuilderImpl) {HHH000424: Disabling contextual LOB creation as createClob() method threw error : java.lang.reflect.InvocationTargetException}
[INFO |2022-05-16 15:45:45.127|] (org.hibernate.type.BasicTypeRegistry) {HHH000270: Type registration [java.util.UUID] overrides previous : org.hibernate.type.UUIDBinaryType@4f081b5d}
[INFO |2022-05-16 15:45:46.196|] (org.hibernate.tool.hbm2ddl.SchemaUpdate) {HHH000228: Running hbm2ddl schema update}
[INFO |2022-05-16 15:45:46.358|] (org.springframework.orm.jpa.LocalContainerEntityManagerFactoryBean) {Initialized JPA EntityManagerFactory for persistence unit 'default'}
[INFO |2022-05-16 15:45:46.911|] (org.hibernate.hql.internal.QueryTranslatorFactoryInitiator) {HHH000397: Using ASTQueryTranslatorFactory}
[WARN |2022-05-16 15:45:47.527|] (com.netflix.config.sources.URLConfigurationSource) {No URLs will be polled as dynamic configuration sources.}
[INFO |2022-05-16 15:45:47.529|] (com.netflix.config.sources.URLConfigurationSource) {To enable URLs as dynamic configuration sources, define System property archaius.configurationSource.additionalUrls or make config.properties available on classpath.}
[WARN |2022-05-16 15:45:47.553|] (com.netflix.config.sources.URLConfigurationSource) {No URLs will be polled as dynamic configuration sources.}
[INFO |2022-05-16 15:45:47.559|] (com.netflix.config.sources.URLConfigurationSource) {To enable URLs as dynamic configuration sources, define System property archaius.configurationSource.additionalUrls or make config.properties available on classpath.}
[INFO |2022-05-16 15:45:48.567|] (org.springframework.web.servlet.mvc.method.annotation.RequestMappingHandlerAdapter) {Looking for @ControllerAdvice: org.springframework.boot.context.embedded.AnnotationConfigEmbeddedWebApplicationContext@4b3a45f1: startup date [Mon May 16 15:45:36 IST 2022]; parent: org.springframework.context.annotation.AnnotationConfigApplicationContext@51dcb805}
[INFO |2022-05-16 15:45:48.894|] (org.springframework.web.servlet.mvc.method.annotation.RequestMappingHandlerMapping) {Mapped "{[/signup],methods=[POST]}" onto public org.springframework.http.ResponseEntity<java.lang.String> com.redhat.hackathon.registration.controller.RegistrationController.signUp(com.redhat.hackathon.registration.daoimpl.UserDetails)}
[INFO |2022-05-16 15:45:48.910|] (org.springframework.web.servlet.mvc.method.annotation.RequestMappingHandlerMapping) {Mapped "{[/delete],methods=[POST]}" onto public org.springframework.http.ResponseEntity<java.lang.String> com.redhat.hackathon.registration.controller.RegistrationController.deleteUser(com.redhat.hackathon.registration.daoimpl.UserDetails)}
[INFO |2022-05-16 15:45:48.912|] (org.springframework.web.servlet.mvc.method.annotation.RequestMappingHandlerMapping) {Mapped "{[/forgotPassword],methods=[POST]}" onto public org.springframework.http.ResponseEntity<java.lang.String> com.redhat.hackathon.registration.controller.RegistrationController.passwordUpdate(com.redhat.hackathon.registration.daoimpl.UserDetails)}
[INFO |2022-05-16 15:45:48.919|] (org.springframework.web.servlet.mvc.method.annotation.RequestMappingHandlerMapping) {Mapped "{[/hello],methods=[GET]}" onto public org.springframework.http.ResponseEntity<java.lang.String> com.redhat.hackathon.registration.controller.RegistrationController.hello()}
[INFO |2022-05-16 15:45:48.960|] (org.springframework.web.servlet.mvc.method.annotation.RequestMappingHandlerMapping) {Mapped "{[/error]}" onto public org.springframework.http.ResponseEntity<java.util.Map<java.lang.String, java.lang.Object>> org.springframework.boot.autoconfigure.web.BasicErrorController.error(javax.servlet.http.HttpServletRequest)}
[INFO |2022-05-16 15:45:48.969|] (org.springframework.web.servlet.mvc.method.annotation.RequestMappingHandlerMapping) {Mapped "{[/error],produces=[text/html]}" onto public org.springframework.web.servlet.ModelAndView org.springframework.boot.autoconfigure.web.BasicErrorController.errorHtml(javax.servlet.http.HttpServletRequest,javax.servlet.http.HttpServletResponse)}
[INFO |2022-05-16 15:45:49.096|] (org.springframework.web.servlet.handler.SimpleUrlHandlerMapping) {Mapped URL path [/webjars/**] onto handler of type [class org.springframework.web.servlet.resource.ResourceHttpRequestHandler]}
[INFO |2022-05-16 15:45:49.096|] (org.springframework.web.servlet.handler.SimpleUrlHandlerMapping) {Mapped URL path [/**] onto handler of type [class org.springframework.web.servlet.resource.ResourceHttpRequestHandler]}
[INFO |2022-05-16 15:45:49.191|] (org.springframework.web.servlet.handler.SimpleUrlHandlerMapping) {Mapped URL path [/**/favicon.ico] onto handler of type [class org.springframework.web.servlet.resource.ResourceHttpRequestHandler]}
[INFO |2022-05-16 15:45:50.332|] (org.springframework.boot.actuate.endpoint.mvc.EndpointHandlerMapping) {Mapped "{[/health || /health.json],methods=[GET],produces=[application/vnd.spring-boot.actuator.v1+json || application/json]}" onto public java.lang.Object org.springframework.boot.actuate.endpoint.mvc.HealthMvcEndpoint.invoke(javax.servlet.http.HttpServletRequest,java.security.Principal)}
[INFO |2022-05-16 15:45:50.339|] (org.springframework.boot.actuate.endpoint.mvc.EndpointHandlerMapping) {Mapped "{[/metrics/{name:.*}],methods=[GET],produces=[application/vnd.spring-boot.actuator.v1+json || application/json]}" onto public java.lang.Object org.springframework.boot.actuate.endpoint.mvc.MetricsMvcEndpoint.value(java.lang.String)}
[INFO |2022-05-16 15:45:50.344|] (org.springframework.boot.actuate.endpoint.mvc.EndpointHandlerMapping) {Mapped "{[/metrics || /metrics.json],methods=[GET],produces=[application/vnd.spring-boot.actuator.v1+json || application/json]}" onto public java.lang.Object org.springframework.boot.actuate.endpoint.mvc.EndpointMvcAdapter.invoke()}
[INFO |2022-05-16 15:45:50.350|] (org.springframework.boot.actuate.endpoint.mvc.EndpointHandlerMapping) {Mapped "{[/pause || /pause.json],methods=[POST]}" onto public java.lang.Object org.springframework.cloud.endpoint.GenericPostableMvcEndpoint.invoke()}
[INFO |2022-05-16 15:45:50.354|] (org.springframework.boot.actuate.endpoint.mvc.EndpointHandlerMapping) {Mapped "{[/refresh || /refresh.json],methods=[POST]}" onto public java.lang.Object org.springframework.cloud.endpoint.GenericPostableMvcEndpoint.invoke()}
[INFO |2022-05-16 15:45:50.359|] (org.springframework.boot.actuate.endpoint.mvc.EndpointHandlerMapping) {Mapped "{[/trace || /trace.json],methods=[GET],produces=[application/vnd.spring-boot.actuator.v1+json || application/json]}" onto public java.lang.Object org.springframework.boot.actuate.endpoint.mvc.EndpointMvcAdapter.invoke()}
[INFO |2022-05-16 15:45:50.363|] (org.springframework.boot.actuate.endpoint.mvc.EndpointHandlerMapping) {Mapped "{[/loggers/{name:.*}],methods=[GET],produces=[application/vnd.spring-boot.actuator.v1+json || application/json]}" onto public java.lang.Object org.springframework.boot.actuate.endpoint.mvc.LoggersMvcEndpoint.get(java.lang.String)}
[INFO |2022-05-16 15:45:50.370|] (org.springframework.boot.actuate.endpoint.mvc.EndpointHandlerMapping) {Mapped "{[/loggers/{name:.*}],methods=[POST],consumes=[application/vnd.spring-boot.actuator.v1+json || application/json],produces=[application/vnd.spring-boot.actuator.v1+json || application/json]}" onto public java.lang.Object org.springframework.boot.actuate.endpoint.mvc.LoggersMvcEndpoint.set(java.lang.String,java.util.Map<java.lang.String, java.lang.String>)}
[INFO |2022-05-16 15:45:50.376|] (org.springframework.boot.actuate.endpoint.mvc.EndpointHandlerMapping) {Mapped "{[/loggers || /loggers.json],methods=[GET],produces=[application/vnd.spring-boot.actuator.v1+json || application/json]}" onto public java.lang.Object org.springframework.boot.actuate.endpoint.mvc.EndpointMvcAdapter.invoke()}
[INFO |2022-05-16 15:45:50.384|] (org.springframework.boot.actuate.endpoint.mvc.EndpointHandlerMapping) {Mapped "{[/heapdump || /heapdump.json],methods=[GET],produces=[application/octet-stream]}" onto public void org.springframework.boot.actuate.endpoint.mvc.HeapdumpMvcEndpoint.invoke(boolean,javax.servlet.http.HttpServletRequest,javax.servlet.http.HttpServletResponse) throws java.io.IOException,javax.servlet.ServletException}
[INFO |2022-05-16 15:45:50.387|] (org.springframework.boot.actuate.endpoint.mvc.EndpointHandlerMapping) {Mapped "{[/env],methods=[POST]}" onto public java.lang.Object org.springframework.cloud.context.environment.EnvironmentManagerMvcEndpoint.value(java.util.Map<java.lang.String, java.lang.String>)}
[INFO |2022-05-16 15:45:50.393|] (org.springframework.boot.actuate.endpoint.mvc.EndpointHandlerMapping) {Mapped "{[/env/reset],methods=[POST]}" onto public java.util.Map<java.lang.String, java.lang.Object> org.springframework.cloud.context.environment.EnvironmentManagerMvcEndpoint.reset()}
[INFO |2022-05-16 15:45:50.403|] (org.springframework.boot.actuate.endpoint.mvc.EndpointHandlerMapping) {Mapped "{[/resume || /resume.json],methods=[POST]}" onto public java.lang.Object org.springframework.cloud.endpoint.GenericPostableMvcEndpoint.invoke()}
[INFO |2022-05-16 15:45:50.410|] (org.springframework.boot.actuate.endpoint.mvc.EndpointHandlerMapping) {Mapped "{[/autoconfig || /autoconfig.json],methods=[GET],produces=[application/vnd.spring-boot.actuator.v1+json || application/json]}" onto public java.lang.Object org.springframework.boot.actuate.endpoint.mvc.EndpointMvcAdapter.invoke()}
[INFO |2022-05-16 15:45:50.421|] (org.springframework.boot.actuate.endpoint.mvc.EndpointHandlerMapping) {Mapped "{[/auditevents || /auditevents.json],methods=[GET],produces=[application/vnd.spring-boot.actuator.v1+json || application/json]}" onto public org.springframework.http.ResponseEntity<?> org.springframework.boot.actuate.endpoint.mvc.AuditEventsMvcEndpoint.findByPrincipalAndAfterAndType(java.lang.String,java.util.Date,java.lang.String)}
[INFO |2022-05-16 15:45:50.428|] (org.springframework.boot.actuate.endpoint.mvc.EndpointHandlerMapping) {Mapped "{[/mappings || /mappings.json],methods=[GET],produces=[application/vnd.spring-boot.actuator.v1+json || application/json]}" onto public java.lang.Object org.springframework.boot.actuate.endpoint.mvc.EndpointMvcAdapter.invoke()}
[INFO |2022-05-16 15:45:50.459|] (org.springframework.boot.actuate.endpoint.mvc.EndpointHandlerMapping) {Mapped "{[/beans || /beans.json],methods=[GET],produces=[application/vnd.spring-boot.actuator.v1+json || application/json]}" onto public java.lang.Object org.springframework.boot.actuate.endpoint.mvc.EndpointMvcAdapter.invoke()}
[INFO |2022-05-16 15:45:50.462|] (org.springframework.boot.actuate.endpoint.mvc.EndpointHandlerMapping) {Mapped "{[/configprops || /configprops.json],methods=[GET],produces=[application/vnd.spring-boot.actuator.v1+json || application/json]}" onto public java.lang.Object org.springframework.boot.actuate.endpoint.mvc.EndpointMvcAdapter.invoke()}
[INFO |2022-05-16 15:45:50.470|] (org.springframework.boot.actuate.endpoint.mvc.EndpointHandlerMapping) {Mapped "{[/env/{name:.*}],methods=[GET],produces=[application/vnd.spring-boot.actuator.v1+json || application/json]}" onto public java.lang.Object org.springframework.boot.actuate.endpoint.mvc.EnvironmentMvcEndpoint.value(java.lang.String)}
[INFO |2022-05-16 15:45:50.470|] (org.springframework.boot.actuate.endpoint.mvc.EndpointHandlerMapping) {Mapped "{[/env || /env.json],methods=[GET],produces=[application/vnd.spring-boot.actuator.v1+json || application/json]}" onto public java.lang.Object org.springframework.boot.actuate.endpoint.mvc.EndpointMvcAdapter.invoke()}
[INFO |2022-05-16 15:45:50.479|] (org.springframework.boot.actuate.endpoint.mvc.EndpointHandlerMapping) {Mapped "{[/dump || /dump.json],methods=[GET],produces=[application/vnd.spring-boot.actuator.v1+json || application/json]}" onto public java.lang.Object org.springframework.boot.actuate.endpoint.mvc.EndpointMvcAdapter.invoke()}
[INFO |2022-05-16 15:45:50.480|] (org.springframework.boot.actuate.endpoint.mvc.EndpointHandlerMapping) {Mapped "{[/restart || /restart.json],methods=[POST]}" onto public java.lang.Object org.springframework.cloud.context.restart.RestartMvcEndpoint.invoke()}
[INFO |2022-05-16 15:45:50.493|] (org.springframework.boot.actuate.endpoint.mvc.EndpointHandlerMapping) {Mapped "{[/archaius || /archaius.json],methods=[GET],produces=[application/vnd.spring-boot.actuator.v1+json || application/json]}" onto public java.lang.Object org.springframework.boot.actuate.endpoint.mvc.EndpointMvcAdapter.invoke()}
[INFO |2022-05-16 15:45:50.495|] (org.springframework.boot.actuate.endpoint.mvc.EndpointHandlerMapping) {Mapped "{[/info || /info.json],methods=[GET],produces=[application/vnd.spring-boot.actuator.v1+json || application/json]}" onto public java.lang.Object org.springframework.boot.actuate.endpoint.mvc.EndpointMvcAdapter.invoke()}
[INFO |2022-05-16 15:45:50.499|] (org.springframework.boot.actuate.endpoint.mvc.EndpointHandlerMapping) {Mapped "{[/features || /features.json],methods=[GET],produces=[application/vnd.spring-boot.actuator.v1+json || application/json]}" onto public java.lang.Object org.springframework.boot.actuate.endpoint.mvc.EndpointMvcAdapter.invoke()}
[INFO |2022-05-16 15:45:50.980|] (org.springframework.jmx.export.annotation.AnnotationMBeanExporter) {Registering beans for JMX exposure on startup}
[INFO |2022-05-16 15:45:50.997|] (org.springframework.jmx.export.annotation.AnnotationMBeanExporter) {Bean with name 'environmentManager' has been autodetected for JMX exposure}
[INFO |2022-05-16 15:45:51.011|] (org.springframework.jmx.export.annotation.AnnotationMBeanExporter) {Bean with name 'configurationPropertiesRebinder' has been autodetected for JMX exposure}
[INFO |2022-05-16 15:45:51.013|] (org.springframework.jmx.export.annotation.AnnotationMBeanExporter) {Bean with name 'refreshEndpoint' has been autodetected for JMX exposure}
[INFO |2022-05-16 15:45:51.019|] (org.springframework.jmx.export.annotation.AnnotationMBeanExporter) {Bean with name 'restartEndpoint' has been autodetected for JMX exposure}
[INFO |2022-05-16 15:45:51.022|] (org.springframework.jmx.export.annotation.AnnotationMBeanExporter) {Bean with name 'refreshScope' has been autodetected for JMX exposure}
[INFO |2022-05-16 15:45:51.039|] (org.springframework.jmx.export.annotation.AnnotationMBeanExporter) {Located managed bean 'environmentManager': registering with JMX server as MBean [org.springframework.cloud.context.environment:name=environmentManager,type=EnvironmentManager]}
[INFO |2022-05-16 15:45:51.097|] (org.springframework.jmx.export.annotation.AnnotationMBeanExporter) {Located managed bean 'restartEndpoint': registering with JMX server as MBean [org.springframework.cloud.context.restart:name=restartEndpoint,type=RestartEndpoint]}
[INFO |2022-05-16 15:45:51.142|] (org.springframework.jmx.export.annotation.AnnotationMBeanExporter) {Located managed bean 'refreshScope': registering with JMX server as MBean [org.springframework.cloud.context.scope.refresh:name=refreshScope,type=RefreshScope]}
[INFO |2022-05-16 15:45:51.171|] (org.springframework.jmx.export.annotation.AnnotationMBeanExporter) {Located managed bean 'configurationPropertiesRebinder': registering with JMX server as MBean [org.springframework.cloud.context.properties:name=configurationPropertiesRebinder,context=4b3a45f1,type=ConfigurationPropertiesRebinder]}
[INFO |2022-05-16 15:45:51.207|] (org.springframework.jmx.export.annotation.AnnotationMBeanExporter) {Located managed bean 'refreshEndpoint': registering with JMX server as MBean [org.springframework.cloud.endpoint:name=refreshEndpoint,type=RefreshEndpoint]}
[INFO |2022-05-16 15:45:51.210|] (org.springframework.boot.actuate.endpoint.jmx.EndpointMBeanExporter) {Registering beans for JMX exposure on startup}
[INFO |2022-05-16 15:45:51.480|] (org.springframework.context.support.DefaultLifecycleProcessor) {Starting beans in phase 0}
[INFO |2022-05-16 15:45:51.486|] (org.springframework.boot.actuate.endpoint.jmx.EndpointMBeanExporter) {Located managed bean 'auditEventsEndpoint': registering with JMX server as MBean [org.springframework.boot:type=Endpoint,name=auditEventsEndpoint]}
[INFO |2022-05-16 15:45:51.497|] (org.springframework.boot.actuate.endpoint.jmx.EndpointMBeanExporter) {Located managed bean 'archaiusEndpoint': registering with JMX server as MBean [org.springframework.boot:type=Endpoint,name=archaiusEndpoint]}
[INFO |2022-05-16 15:45:51.512|] (org.springframework.boot.actuate.endpoint.jmx.EndpointMBeanExporter) {Located managed bean 'featuresEndpoint': registering with JMX server as MBean [org.springframework.boot:type=Endpoint,name=featuresEndpoint]}
[INFO |2022-05-16 15:45:51.573|] (org.springframework.boot.actuate.endpoint.jmx.EndpointMBeanExporter) {Located managed bean 'requestMappingEndpoint': registering with JMX server as MBean [org.springframework.boot:type=Endpoint,name=requestMappingEndpoint]}
[INFO |2022-05-16 15:45:51.578|] (org.springframework.boot.actuate.endpoint.jmx.EndpointMBeanExporter) {Located managed bean 'environmentEndpoint': registering with JMX server as MBean [org.springframework.boot:type=Endpoint,name=environmentEndpoint]}
[INFO |2022-05-16 15:45:51.589|] (org.springframework.boot.actuate.endpoint.jmx.EndpointMBeanExporter) {Located managed bean 'healthEndpoint': registering with JMX server as MBean [org.springframework.boot:type=Endpoint,name=healthEndpoint]}
[INFO |2022-05-16 15:45:51.595|] (org.springframework.boot.actuate.endpoint.jmx.EndpointMBeanExporter) {Located managed bean 'beansEndpoint': registering with JMX server as MBean [org.springframework.boot:type=Endpoint,name=beansEndpoint]}
[INFO |2022-05-16 15:45:51.604|] (org.springframework.boot.actuate.endpoint.jmx.EndpointMBeanExporter) {Located managed bean 'infoEndpoint': registering with JMX server as MBean [org.springframework.boot:type=Endpoint,name=infoEndpoint]}
[INFO |2022-05-16 15:45:51.614|] (org.springframework.boot.actuate.endpoint.jmx.EndpointMBeanExporter) {Located managed bean 'loggersEndpoint': registering with JMX server as MBean [org.springframework.boot:type=Endpoint,name=loggersEndpoint]}
[INFO |2022-05-16 15:45:51.639|] (org.springframework.boot.actuate.endpoint.jmx.EndpointMBeanExporter) {Located managed bean 'metricsEndpoint': registering with JMX server as MBean [org.springframework.boot:type=Endpoint,name=metricsEndpoint]}
[INFO |2022-05-16 15:45:51.645|] (org.springframework.boot.actuate.endpoint.jmx.EndpointMBeanExporter) {Located managed bean 'traceEndpoint': registering with JMX server as MBean [org.springframework.boot:type=Endpoint,name=traceEndpoint]}
[INFO |2022-05-16 15:45:51.663|] (org.springframework.boot.actuate.endpoint.jmx.EndpointMBeanExporter) {Located managed bean 'dumpEndpoint': registering with JMX server as MBean [org.springframework.boot:type=Endpoint,name=dumpEndpoint]}
[INFO |2022-05-16 15:45:51.676|] (org.springframework.boot.actuate.endpoint.jmx.EndpointMBeanExporter) {Located managed bean 'autoConfigurationReportEndpoint': registering with JMX server as MBean [org.springframework.boot:type=Endpoint,name=autoConfigurationReportEndpoint]}
[INFO |2022-05-16 15:45:51.736|] (org.springframework.boot.actuate.endpoint.jmx.EndpointMBeanExporter) {Located managed bean 'configurationPropertiesReportEndpoint': registering with JMX server as MBean [org.springframework.boot:type=Endpoint,name=configurationPropertiesReportEndpoint]}
[INFO |2022-05-16 15:45:51.810|] (org.apache.coyote.http11.Http11NioProtocol) {Initializing ProtocolHandler ["http-nio-8001"]}
[INFO |2022-05-16 15:45:51.891|] (org.apache.coyote.http11.Http11NioProtocol) {Starting ProtocolHandler ["http-nio-8001"]}
[INFO |2022-05-16 15:45:51.960|] (org.apache.tomcat.util.net.NioSelectorPool) {Using a shared selector for servlet write/read}
[INFO |2022-05-16 15:45:52.060|] (org.springframework.boot.context.embedded.tomcat.TomcatEmbeddedServletContainer) {Tomcat started on port(s): 8001 (http)}
[INFO |2022-05-16 15:45:52.096|] (com.redhat.hackathon.registration.RegistrationApplication) {Started RegistrationApplication in 18.792 seconds (JVM running for 20.937)}
