[INFO |2022-05-16 20:49:42.566|] (org.springframework.context.annotation.AnnotationConfigApplicationContext) {Refreshing org.springframework.context.annotation.AnnotationConfigApplicationContext@120f102b: startup date [Mon May 16 20:49:42 IST 2022]; root of context hierarchy}
[INFO |2022-05-16 20:49:43.325|] (org.hibernate.validator.internal.util.Version) {HV000001: Hibernate Validator 5.3.5.Final}
[INFO |2022-05-16 20:49:43.596|] (org.springframework.beans.factory.annotation.AutowiredAnnotationBeanPostProcessor) {JSR-330 'javax.inject.Inject' annotation found and supported for autowiring}
[INFO |2022-05-16 20:49:43.695|] (org.springframework.context.support.PostProcessorRegistrationDelegate$BeanPostProcessorChecker) {Bean 'configurationPropertiesRebinderAutoConfiguration' of type [org.springframework.cloud.autoconfigure.ConfigurationPropertiesRebinderAutoConfiguration$$EnhancerBySpringCGLIB$$1ddd4860] is not eligible for getting processed by all BeanPostProcessors (for example: not eligible for auto-proxying)}
[INFO |2022-05-16 20:49:44.505|] (com.redhat.paymentservice.PaymentserviceApplication) {No active profile set, falling back to default profiles: default}
[INFO |2022-05-16 20:49:44.548|] (org.springframework.boot.context.embedded.AnnotationConfigEmbeddedWebApplicationContext) {Refreshing org.springframework.boot.context.embedded.AnnotationConfigEmbeddedWebApplicationContext@655f7ea: startup date [Mon May 16 20:49:44 IST 2022]; parent: org.springframework.context.annotation.AnnotationConfigApplicationContext@120f102b}
[INFO |2022-05-16 20:49:46.788|] (org.springframework.cloud.context.scope.GenericScope) {BeanFactory id=3b7a17cb-0c39-3447-b49f-cce868b3a9eb}
[INFO |2022-05-16 20:49:46.865|] (org.springframework.beans.factory.annotation.AutowiredAnnotationBeanPostProcessor) {JSR-330 'javax.inject.Inject' annotation found and supported for autowiring}
[INFO |2022-05-16 20:49:47.153|] (org.springframework.context.support.PostProcessorRegistrationDelegate$BeanPostProcessorChecker) {Bean 'org.springframework.transaction.annotation.ProxyTransactionManagementConfiguration' of type [org.springframework.transaction.annotation.ProxyTransactionManagementConfiguration$$EnhancerBySpringCGLIB$$1c34563] is not eligible for getting processed by all BeanPostProcessors (for example: not eligible for auto-proxying)}
[INFO |2022-05-16 20:49:47.451|] (org.springframework.context.support.PostProcessorRegistrationDelegate$BeanPostProcessorChecker) {Bean 'org.springframework.cloud.netflix.metrics.MetricsInterceptorConfiguration$MetricsRestTemplateConfiguration' of type [org.springframework.cloud.netflix.metrics.MetricsInterceptorConfiguration$MetricsRestTemplateConfiguration$$EnhancerBySpringCGLIB$$33efeba4] is not eligible for getting processed by all BeanPostProcessors (for example: not eligible for auto-proxying)}
[INFO |2022-05-16 20:49:47.480|] (org.springframework.context.support.PostProcessorRegistrationDelegate$BeanPostProcessorChecker) {Bean 'org.springframework.cloud.autoconfigure.ConfigurationPropertiesRebinderAutoConfiguration' of type [org.springframework.cloud.autoconfigure.ConfigurationPropertiesRebinderAutoConfiguration$$EnhancerBySpringCGLIB$$1ddd4860] is not eligible for getting processed by all BeanPostProcessors (for example: not eligible for auto-proxying)}
[INFO |2022-05-16 20:49:48.018|] (org.springframework.boot.context.embedded.tomcat.TomcatEmbeddedServletContainer) {Tomcat initialized with port(s): 8004 (http)}
[INFO |2022-05-16 20:49:48.199|] (org.apache.catalina.core.StandardService) {Starting service [Tomcat]}
[INFO |2022-05-16 20:49:48.203|] (org.apache.catalina.core.StandardEngine) {Starting Servlet Engine: Apache Tomcat/8.5.23}
[INFO |2022-05-16 20:49:48.331|] (org.apache.catalina.core.ContainerBase.[Tomcat].[localhost].[/]) {Initializing Spring embedded WebApplicationContext}
[INFO |2022-05-16 20:49:48.333|] (org.springframework.web.context.ContextLoader) {Root WebApplicationContext: initialization completed in 3785 ms}
[INFO |2022-05-16 20:49:48.862|] (org.springframework.boot.web.servlet.ServletRegistrationBean) {Mapping servlet: 'dispatcherServlet' to [/]}
[INFO |2022-05-16 20:49:48.864|] (org.springframework.boot.web.servlet.ServletRegistrationBean) {Mapping servlet: 'webServlet' to [/h2-console/*]}
[INFO |2022-05-16 20:49:48.876|] (org.springframework.boot.web.servlet.FilterRegistrationBean) {Mapping filter: 'metricsFilter' to: [/*]}
[INFO |2022-05-16 20:49:48.879|] (org.springframework.boot.web.servlet.FilterRegistrationBean) {Mapping filter: 'characterEncodingFilter' to: [/*]}
[INFO |2022-05-16 20:49:48.880|] (org.springframework.boot.web.servlet.FilterRegistrationBean) {Mapping filter: 'hiddenHttpMethodFilter' to: [/*]}
[INFO |2022-05-16 20:49:48.881|] (org.springframework.boot.web.servlet.FilterRegistrationBean) {Mapping filter: 'httpPutFormContentFilter' to: [/*]}
[INFO |2022-05-16 20:49:48.883|] (org.springframework.boot.web.servlet.FilterRegistrationBean) {Mapping filter: 'requestContextFilter' to: [/*]}
[INFO |2022-05-16 20:49:48.884|] (org.springframework.boot.web.servlet.FilterRegistrationBean) {Mapping filter: 'webRequestLoggingFilter' to: [/*]}
[INFO |2022-05-16 20:49:48.885|] (org.springframework.boot.web.servlet.FilterRegistrationBean) {Mapping filter: 'applicationContextIdFilter' to: [/*]}
[INFO |2022-05-16 20:49:49.539|] (org.springframework.orm.jpa.LocalContainerEntityManagerFactoryBean) {Building JPA container EntityManagerFactory for persistence unit 'default'}
[INFO |2022-05-16 20:49:49.591|] (org.hibernate.jpa.internal.util.LogHelper) {HHH000204: Processing PersistenceUnitInfo [
	name: default
	...]}
[INFO |2022-05-16 20:49:49.750|] (org.hibernate.Version) {HHH000412: Hibernate Core {5.0.12.Final}}
[INFO |2022-05-16 20:49:49.753|] (org.hibernate.cfg.Environment) {HHH000206: hibernate.properties not found}
[INFO |2022-05-16 20:49:49.756|] (org.hibernate.cfg.Environment) {HHH000021: Bytecode provider name : javassist}
[INFO |2022-05-16 20:49:49.902|] (org.hibernate.annotations.common.Version) {HCANN000001: Hibernate Commons Annotations {5.0.1.Final}}
[INFO |2022-05-16 20:49:50.116|] (org.hibernate.dialect.Dialect) {HHH000400: Using dialect: org.hibernate.dialect.PostgreSQLDialect}
[INFO |2022-05-16 20:49:50.402|] (org.hibernate.engine.jdbc.env.internal.LobCreatorBuilderImpl) {HHH000424: Disabling contextual LOB creation as createClob() method threw error : java.lang.reflect.InvocationTargetException}
[INFO |2022-05-16 20:49:50.405|] (org.hibernate.type.BasicTypeRegistry) {HHH000270: Type registration [java.util.UUID] overrides previous : org.hibernate.type.UUIDBinaryType@6a55594b}
[INFO |2022-05-16 20:49:50.709|] (org.hibernate.tool.hbm2ddl.SchemaUpdate) {HHH000228: Running hbm2ddl schema update}
[INFO |2022-05-16 20:49:50.809|] (org.springframework.orm.jpa.LocalContainerEntityManagerFactoryBean) {Initialized JPA EntityManagerFactory for persistence unit 'default'}
[WARN |2022-05-16 20:49:51.088|] (com.netflix.config.sources.URLConfigurationSource) {No URLs will be polled as dynamic configuration sources.}
[INFO |2022-05-16 20:49:51.090|] (com.netflix.config.sources.URLConfigurationSource) {To enable URLs as dynamic configuration sources, define System property archaius.configurationSource.additionalUrls or make config.properties available on classpath.}
[WARN |2022-05-16 20:49:51.126|] (com.netflix.config.sources.URLConfigurationSource) {No URLs will be polled as dynamic configuration sources.}
[INFO |2022-05-16 20:49:51.129|] (com.netflix.config.sources.URLConfigurationSource) {To enable URLs as dynamic configuration sources, define System property archaius.configurationSource.additionalUrls or make config.properties available on classpath.}
[INFO |2022-05-16 20:49:51.731|] (org.springframework.web.servlet.mvc.method.annotation.RequestMappingHandlerAdapter) {Looking for @ControllerAdvice: org.springframework.boot.context.embedded.AnnotationConfigEmbeddedWebApplicationContext@655f7ea: startup date [Mon May 16 20:49:44 IST 2022]; parent: org.springframework.context.annotation.AnnotationConfigApplicationContext@120f102b}
[INFO |2022-05-16 20:49:52.017|] (org.springframework.web.servlet.mvc.method.annotation.RequestMappingHandlerMapping) {Mapped "{[/error]}" onto public org.springframework.http.ResponseEntity<java.util.Map<java.lang.String, java.lang.Object>> org.springframework.boot.autoconfigure.web.BasicErrorController.error(javax.servlet.http.HttpServletRequest)}
[INFO |2022-05-16 20:49:52.019|] (org.springframework.web.servlet.mvc.method.annotation.RequestMappingHandlerMapping) {Mapped "{[/error],produces=[text/html]}" onto public org.springframework.web.servlet.ModelAndView org.springframework.boot.autoconfigure.web.BasicErrorController.errorHtml(javax.servlet.http.HttpServletRequest,javax.servlet.http.HttpServletResponse)}
[INFO |2022-05-16 20:49:52.138|] (org.springframework.web.servlet.handler.SimpleUrlHandlerMapping) {Mapped URL path [/webjars/**] onto handler of type [class org.springframework.web.servlet.resource.ResourceHttpRequestHandler]}
[INFO |2022-05-16 20:49:52.138|] (org.springframework.web.servlet.handler.SimpleUrlHandlerMapping) {Mapped URL path [/**] onto handler of type [class org.springframework.web.servlet.resource.ResourceHttpRequestHandler]}
[INFO |2022-05-16 20:49:52.290|] (org.springframework.web.servlet.handler.SimpleUrlHandlerMapping) {Mapped URL path [/**/favicon.ico] onto handler of type [class org.springframework.web.servlet.resource.ResourceHttpRequestHandler]}
[INFO |2022-05-16 20:49:53.328|] (org.springframework.boot.actuate.endpoint.mvc.EndpointHandlerMapping) {Mapped "{[/autoconfig || /autoconfig.json],methods=[GET],produces=[application/vnd.spring-boot.actuator.v1+json || application/json]}" onto public java.lang.Object org.springframework.boot.actuate.endpoint.mvc.EndpointMvcAdapter.invoke()}
[INFO |2022-05-16 20:49:53.375|] (org.springframework.boot.actuate.endpoint.mvc.EndpointHandlerMapping) {Mapped "{[/resume || /resume.json],methods=[POST]}" onto public java.lang.Object org.springframework.cloud.endpoint.GenericPostableMvcEndpoint.invoke()}
[INFO |2022-05-16 20:49:53.377|] (org.springframework.boot.actuate.endpoint.mvc.EndpointHandlerMapping) {Mapped "{[/features || /features.json],methods=[GET],produces=[application/vnd.spring-boot.actuator.v1+json || application/json]}" onto public java.lang.Object org.springframework.boot.actuate.endpoint.mvc.EndpointMvcAdapter.invoke()}
[INFO |2022-05-16 20:49:53.384|] (org.springframework.boot.actuate.endpoint.mvc.EndpointHandlerMapping) {Mapped "{[/configprops || /configprops.json],methods=[GET],produces=[application/vnd.spring-boot.actuator.v1+json || application/json]}" onto public java.lang.Object org.springframework.boot.actuate.endpoint.mvc.EndpointMvcAdapter.invoke()}
[INFO |2022-05-16 20:49:53.395|] (org.springframework.boot.actuate.endpoint.mvc.EndpointHandlerMapping) {Mapped "{[/env/{name:.*}],methods=[GET],produces=[application/vnd.spring-boot.actuator.v1+json || application/json]}" onto public java.lang.Object org.springframework.boot.actuate.endpoint.mvc.EnvironmentMvcEndpoint.value(java.lang.String)}
[INFO |2022-05-16 20:49:53.397|] (org.springframework.boot.actuate.endpoint.mvc.EndpointHandlerMapping) {Mapped "{[/env || /env.json],methods=[GET],produces=[application/vnd.spring-boot.actuator.v1+json || application/json]}" onto public java.lang.Object org.springframework.boot.actuate.endpoint.mvc.EndpointMvcAdapter.invoke()}
[INFO |2022-05-16 20:49:53.404|] (org.springframework.boot.actuate.endpoint.mvc.EndpointHandlerMapping) {Mapped "{[/info || /info.json],methods=[GET],produces=[application/vnd.spring-boot.actuator.v1+json || application/json]}" onto public java.lang.Object org.springframework.boot.actuate.endpoint.mvc.EndpointMvcAdapter.invoke()}
[INFO |2022-05-16 20:49:53.408|] (org.springframework.boot.actuate.endpoint.mvc.EndpointHandlerMapping) {Mapped "{[/health || /health.json],methods=[GET],produces=[application/vnd.spring-boot.actuator.v1+json || application/json]}" onto public java.lang.Object org.springframework.boot.actuate.endpoint.mvc.HealthMvcEndpoint.invoke(javax.servlet.http.HttpServletRequest,java.security.Principal)}
[INFO |2022-05-16 20:49:53.448|] (org.springframework.boot.actuate.endpoint.mvc.EndpointHandlerMapping) {Mapped "{[/archaius || /archaius.json],methods=[GET],produces=[application/vnd.spring-boot.actuator.v1+json || application/json]}" onto public java.lang.Object org.springframework.boot.actuate.endpoint.mvc.EndpointMvcAdapter.invoke()}
[INFO |2022-05-16 20:49:53.461|] (org.springframework.boot.actuate.endpoint.mvc.EndpointHandlerMapping) {Mapped "{[/pause || /pause.json],methods=[POST]}" onto public java.lang.Object org.springframework.cloud.endpoint.GenericPostableMvcEndpoint.invoke()}
[INFO |2022-05-16 20:49:53.464|] (org.springframework.boot.actuate.endpoint.mvc.EndpointHandlerMapping) {Mapped "{[/trace || /trace.json],methods=[GET],produces=[application/vnd.spring-boot.actuator.v1+json || application/json]}" onto public java.lang.Object org.springframework.boot.actuate.endpoint.mvc.EndpointMvcAdapter.invoke()}
[INFO |2022-05-16 20:49:53.468|] (org.springframework.boot.actuate.endpoint.mvc.EndpointHandlerMapping) {Mapped "{[/loggers/{name:.*}],methods=[GET],produces=[application/vnd.spring-boot.actuator.v1+json || application/json]}" onto public java.lang.Object org.springframework.boot.actuate.endpoint.mvc.LoggersMvcEndpoint.get(java.lang.String)}
[INFO |2022-05-16 20:49:53.469|] (org.springframework.boot.actuate.endpoint.mvc.EndpointHandlerMapping) {Mapped "{[/loggers/{name:.*}],methods=[POST],consumes=[application/vnd.spring-boot.actuator.v1+json || application/json],produces=[application/vnd.spring-boot.actuator.v1+json || application/json]}" onto public java.lang.Object org.springframework.boot.actuate.endpoint.mvc.LoggersMvcEndpoint.set(java.lang.String,java.util.Map<java.lang.String, java.lang.String>)}
[INFO |2022-05-16 20:49:53.469|] (org.springframework.boot.actuate.endpoint.mvc.EndpointHandlerMapping) {Mapped "{[/loggers || /loggers.json],methods=[GET],produces=[application/vnd.spring-boot.actuator.v1+json || application/json]}" onto public java.lang.Object org.springframework.boot.actuate.endpoint.mvc.EndpointMvcAdapter.invoke()}
[INFO |2022-05-16 20:49:53.487|] (org.springframework.boot.actuate.endpoint.mvc.EndpointHandlerMapping) {Mapped "{[/mappings || /mappings.json],methods=[GET],produces=[application/vnd.spring-boot.actuator.v1+json || application/json]}" onto public java.lang.Object org.springframework.boot.actuate.endpoint.mvc.EndpointMvcAdapter.invoke()}
[INFO |2022-05-16 20:49:53.488|] (org.springframework.boot.actuate.endpoint.mvc.EndpointHandlerMapping) {Mapped "{[/env],methods=[POST]}" onto public java.lang.Object org.springframework.cloud.context.environment.EnvironmentManagerMvcEndpoint.value(java.util.Map<java.lang.String, java.lang.String>)}
[INFO |2022-05-16 20:49:53.488|] (org.springframework.boot.actuate.endpoint.mvc.EndpointHandlerMapping) {Mapped "{[/env/reset],methods=[POST]}" onto public java.util.Map<java.lang.String, java.lang.Object> org.springframework.cloud.context.environment.EnvironmentManagerMvcEndpoint.reset()}
[INFO |2022-05-16 20:49:53.489|] (org.springframework.boot.actuate.endpoint.mvc.EndpointHandlerMapping) {Mapped "{[/restart || /restart.json],methods=[POST]}" onto public java.lang.Object org.springframework.cloud.context.restart.RestartMvcEndpoint.invoke()}
[INFO |2022-05-16 20:49:53.511|] (org.springframework.boot.actuate.endpoint.mvc.EndpointHandlerMapping) {Mapped "{[/refresh || /refresh.json],methods=[POST]}" onto public java.lang.Object org.springframework.cloud.endpoint.GenericPostableMvcEndpoint.invoke()}
[INFO |2022-05-16 20:49:53.511|] (org.springframework.boot.actuate.endpoint.mvc.EndpointHandlerMapping) {Mapped "{[/beans || /beans.json],methods=[GET],produces=[application/vnd.spring-boot.actuator.v1+json || application/json]}" onto public java.lang.Object org.springframework.boot.actuate.endpoint.mvc.EndpointMvcAdapter.invoke()}
[INFO |2022-05-16 20:49:53.512|] (org.springframework.boot.actuate.endpoint.mvc.EndpointHandlerMapping) {Mapped "{[/metrics/{name:.*}],methods=[GET],produces=[application/vnd.spring-boot.actuator.v1+json || application/json]}" onto public java.lang.Object org.springframework.boot.actuate.endpoint.mvc.MetricsMvcEndpoint.value(java.lang.String)}
[INFO |2022-05-16 20:49:53.518|] (org.springframework.boot.actuate.endpoint.mvc.EndpointHandlerMapping) {Mapped "{[/metrics || /metrics.json],methods=[GET],produces=[application/vnd.spring-boot.actuator.v1+json || application/json]}" onto public java.lang.Object org.springframework.boot.actuate.endpoint.mvc.EndpointMvcAdapter.invoke()}
[INFO |2022-05-16 20:49:53.526|] (org.springframework.boot.actuate.endpoint.mvc.EndpointHandlerMapping) {Mapped "{[/dump || /dump.json],methods=[GET],produces=[application/vnd.spring-boot.actuator.v1+json || application/json]}" onto public java.lang.Object org.springframework.boot.actuate.endpoint.mvc.EndpointMvcAdapter.invoke()}
[INFO |2022-05-16 20:49:53.531|] (org.springframework.boot.actuate.endpoint.mvc.EndpointHandlerMapping) {Mapped "{[/auditevents || /auditevents.json],methods=[GET],produces=[application/vnd.spring-boot.actuator.v1+json || application/json]}" onto public org.springframework.http.ResponseEntity<?> org.springframework.boot.actuate.endpoint.mvc.AuditEventsMvcEndpoint.findByPrincipalAndAfterAndType(java.lang.String,java.util.Date,java.lang.String)}
[INFO |2022-05-16 20:49:53.531|] (org.springframework.boot.actuate.endpoint.mvc.EndpointHandlerMapping) {Mapped "{[/heapdump || /heapdump.json],methods=[GET],produces=[application/octet-stream]}" onto public void org.springframework.boot.actuate.endpoint.mvc.HeapdumpMvcEndpoint.invoke(boolean,javax.servlet.http.HttpServletRequest,javax.servlet.http.HttpServletResponse) throws java.io.IOException,javax.servlet.ServletException}
[INFO |2022-05-16 20:49:54.121|] (org.springframework.jmx.export.annotation.AnnotationMBeanExporter) {Registering beans for JMX exposure on startup}
[INFO |2022-05-16 20:49:54.146|] (org.springframework.jmx.export.annotation.AnnotationMBeanExporter) {Bean with name 'environmentManager' has been autodetected for JMX exposure}
[INFO |2022-05-16 20:49:54.165|] (org.springframework.jmx.export.annotation.AnnotationMBeanExporter) {Bean with name 'configurationPropertiesRebinder' has been autodetected for JMX exposure}
[INFO |2022-05-16 20:49:54.199|] (org.springframework.jmx.export.annotation.AnnotationMBeanExporter) {Bean with name 'refreshEndpoint' has been autodetected for JMX exposure}
[INFO |2022-05-16 20:49:54.212|] (org.springframework.jmx.export.annotation.AnnotationMBeanExporter) {Bean with name 'restartEndpoint' has been autodetected for JMX exposure}
[INFO |2022-05-16 20:49:54.228|] (org.springframework.jmx.export.annotation.AnnotationMBeanExporter) {Bean with name 'refreshScope' has been autodetected for JMX exposure}
[INFO |2022-05-16 20:49:54.244|] (org.springframework.jmx.export.annotation.AnnotationMBeanExporter) {Located managed bean 'environmentManager': registering with JMX server as MBean [org.springframework.cloud.context.environment:name=environmentManager,type=EnvironmentManager]}
[INFO |2022-05-16 20:49:54.319|] (org.springframework.jmx.export.annotation.AnnotationMBeanExporter) {Located managed bean 'restartEndpoint': registering with JMX server as MBean [org.springframework.cloud.context.restart:name=restartEndpoint,type=RestartEndpoint]}
[INFO |2022-05-16 20:49:54.353|] (org.springframework.jmx.export.annotation.AnnotationMBeanExporter) {Located managed bean 'refreshScope': registering with JMX server as MBean [org.springframework.cloud.context.scope.refresh:name=refreshScope,type=RefreshScope]}
[INFO |2022-05-16 20:49:54.368|] (org.springframework.jmx.export.annotation.AnnotationMBeanExporter) {Located managed bean 'configurationPropertiesRebinder': registering with JMX server as MBean [org.springframework.cloud.context.properties:name=configurationPropertiesRebinder,context=655f7ea,type=ConfigurationPropertiesRebinder]}
[INFO |2022-05-16 20:49:54.402|] (org.springframework.jmx.export.annotation.AnnotationMBeanExporter) {Located managed bean 'refreshEndpoint': registering with JMX server as MBean [org.springframework.cloud.endpoint:name=refreshEndpoint,type=RefreshEndpoint]}
[INFO |2022-05-16 20:49:54.408|] (org.springframework.boot.actuate.endpoint.jmx.EndpointMBeanExporter) {Registering beans for JMX exposure on startup}
[INFO |2022-05-16 20:49:54.700|] (org.springframework.context.support.DefaultLifecycleProcessor) {Starting beans in phase 0}
[INFO |2022-05-16 20:49:54.712|] (org.springframework.boot.actuate.endpoint.jmx.EndpointMBeanExporter) {Located managed bean 'auditEventsEndpoint': registering with JMX server as MBean [org.springframework.boot:type=Endpoint,name=auditEventsEndpoint]}
[INFO |2022-05-16 20:49:54.723|] (org.springframework.boot.actuate.endpoint.jmx.EndpointMBeanExporter) {Located managed bean 'archaiusEndpoint': registering with JMX server as MBean [org.springframework.boot:type=Endpoint,name=archaiusEndpoint]}
[INFO |2022-05-16 20:49:54.776|] (org.springframework.boot.actuate.endpoint.jmx.EndpointMBeanExporter) {Located managed bean 'featuresEndpoint': registering with JMX server as MBean [org.springframework.boot:type=Endpoint,name=featuresEndpoint]}
[INFO |2022-05-16 20:49:54.783|] (org.springframework.boot.actuate.endpoint.jmx.EndpointMBeanExporter) {Located managed bean 'requestMappingEndpoint': registering with JMX server as MBean [org.springframework.boot:type=Endpoint,name=requestMappingEndpoint]}
[INFO |2022-05-16 20:49:54.809|] (org.springframework.boot.actuate.endpoint.jmx.EndpointMBeanExporter) {Located managed bean 'environmentEndpoint': registering with JMX server as MBean [org.springframework.boot:type=Endpoint,name=environmentEndpoint]}
[INFO |2022-05-16 20:49:54.815|] (org.springframework.boot.actuate.endpoint.jmx.EndpointMBeanExporter) {Located managed bean 'healthEndpoint': registering with JMX server as MBean [org.springframework.boot:type=Endpoint,name=healthEndpoint]}
[INFO |2022-05-16 20:49:54.825|] (org.springframework.boot.actuate.endpoint.jmx.EndpointMBeanExporter) {Located managed bean 'beansEndpoint': registering with JMX server as MBean [org.springframework.boot:type=Endpoint,name=beansEndpoint]}
[INFO |2022-05-16 20:49:54.831|] (org.springframework.boot.actuate.endpoint.jmx.EndpointMBeanExporter) {Located managed bean 'infoEndpoint': registering with JMX server as MBean [org.springframework.boot:type=Endpoint,name=infoEndpoint]}
[INFO |2022-05-16 20:49:54.844|] (org.springframework.boot.actuate.endpoint.jmx.EndpointMBeanExporter) {Located managed bean 'loggersEndpoint': registering with JMX server as MBean [org.springframework.boot:type=Endpoint,name=loggersEndpoint]}
[INFO |2022-05-16 20:49:54.884|] (org.springframework.boot.actuate.endpoint.jmx.EndpointMBeanExporter) {Located managed bean 'metricsEndpoint': registering with JMX server as MBean [org.springframework.boot:type=Endpoint,name=metricsEndpoint]}
[INFO |2022-05-16 20:49:54.899|] (org.springframework.boot.actuate.endpoint.jmx.EndpointMBeanExporter) {Located managed bean 'traceEndpoint': registering with JMX server as MBean [org.springframework.boot:type=Endpoint,name=traceEndpoint]}
[INFO |2022-05-16 20:49:54.906|] (org.springframework.boot.actuate.endpoint.jmx.EndpointMBeanExporter) {Located managed bean 'dumpEndpoint': registering with JMX server as MBean [org.springframework.boot:type=Endpoint,name=dumpEndpoint]}
[INFO |2022-05-16 20:49:54.912|] (org.springframework.boot.actuate.endpoint.jmx.EndpointMBeanExporter) {Located managed bean 'autoConfigurationReportEndpoint': registering with JMX server as MBean [org.springframework.boot:type=Endpoint,name=autoConfigurationReportEndpoint]}
[INFO |2022-05-16 20:49:54.917|] (org.springframework.boot.actuate.endpoint.jmx.EndpointMBeanExporter) {Located managed bean 'configurationPropertiesReportEndpoint': registering with JMX server as MBean [org.springframework.boot:type=Endpoint,name=configurationPropertiesReportEndpoint]}
[INFO |2022-05-16 20:49:55.008|] (org.apache.coyote.http11.Http11NioProtocol) {Initializing ProtocolHandler ["http-nio-8004"]}
[INFO |2022-05-16 20:49:55.047|] (org.apache.coyote.http11.Http11NioProtocol) {Starting ProtocolHandler ["http-nio-8004"]}
[INFO |2022-05-16 20:49:55.096|] (org.apache.tomcat.util.net.NioSelectorPool) {Using a shared selector for servlet write/read}
[INFO |2022-05-16 20:49:55.196|] (org.springframework.boot.context.embedded.tomcat.TomcatEmbeddedServletContainer) {Tomcat started on port(s): 8004 (http)}
[INFO |2022-05-16 20:49:55.203|] (com.redhat.paymentservice.PaymentserviceApplication) {Started PaymentserviceApplication in 13.851 seconds (JVM running for 15.77)}
[INFO |2022-05-16 21:14:23.260|] (org.apache.catalina.core.ContainerBase.[Tomcat].[localhost].[/]) {Initializing Spring FrameworkServlet 'dispatcherServlet'}
[INFO |2022-05-16 21:14:23.262|] (org.springframework.web.servlet.DispatcherServlet) {FrameworkServlet 'dispatcherServlet': initialization started}
[INFO |2022-05-16 21:14:23.312|] (org.springframework.web.servlet.DispatcherServlet) {FrameworkServlet 'dispatcherServlet': initialization completed in 50 ms}
[INFO |2022-05-16 21:15:26.695|] (org.springframework.boot.context.embedded.AnnotationConfigEmbeddedWebApplicationContext) {Closing org.springframework.boot.context.embedded.AnnotationConfigEmbeddedWebApplicationContext@655f7ea: startup date [Mon May 16 20:49:44 IST 2022]; parent: org.springframework.context.annotation.AnnotationConfigApplicationContext@120f102b}
